# JRE version: OpenJDK Runtime Environment (17.0.6) (build 17.0.6+0-b2043.56-10027231)
# Java VM: OpenJDK 64-Bit Server VM (17.0.6+0-b2043.56-10027231, mixed mode, tiered, compressed oops, compressed class ptrs, g1 gc, windows-amd64)
GC Precious Log:
 CPUs: 8 total, 8 available
 Memory: 16303M
 Large Page Support: Disabled
 NUMA Support: Disabled
 Compressed Oops: Enabled (32-bit)
 Heap Region Size: 1M
 Heap Min Capacity: 8M
 Heap Initial Capacity: 256M
 Heap Max Capacity: 2G
 Pre-touch: Disabled
 Parallel Workers: 8
 Concurrent Workers: 2
 Concurrent Refinement Workers: 8
 Periodic GC: Disabled
Heap:
 garbage-first heap   total 444416K, used 168255K [0x0000000080000000, 0x0000000100000000)
  region size 1024K, 2 young (2048K), 2 survivors (2048K)
 Metaspace       used 120311K, committed 121024K, reserved 1155072K
  class space    used 16516K, committed 16832K, reserved 1048576K
GC Heap History (20 events):
Event: 7.792 GC heap after
{Heap after GC invocations=33 (full 0):
 garbage-first heap   total 222208K, used 102483K [0x0000000080000000, 0x0000000100000000)
  region size 1024K, 8 young (8192K), 8 survivors (8192K)
 Metaspace       used 99757K, committed 100416K, reserved 1138688K
  class space    used 13639K, committed 13952K, reserved 1048576K
}
Event: 7.883 GC heap before
{Heap before GC invocations=33 (full 0):
 garbage-first heap   total 222208K, used 179283K [0x0000000080000000, 0x0000000100000000)
  region size 1024K, 84 young (86016K), 8 survivors (8192K)
 Metaspace       used 100970K, committed 101632K, reserved 1138688K
  class space    used 13759K, committed 14080K, reserved 1048576K
}
Event: 7.888 GC heap after
{Heap after GC invocations=34 (full 0):
 garbage-first heap   total 222208K, used 103704K [0x0000000080000000, 0x0000000100000000)
  region size 1024K, 4 young (4096K), 4 survivors (4096K)
 Metaspace       used 100970K, committed 101632K, reserved 1138688K
  class space    used 13759K, committed 14080K, reserved 1048576K
}
Event: 7.965 GC heap before
{Heap before GC invocations=34 (full 0):
 garbage-first heap   total 222208K, used 182552K [0x0000000080000000, 0x0000000100000000)
  region size 1024K, 82 young (83968K), 4 survivors (4096K)
 Metaspace       used 101178K, committed 101824K, reserved 1138688K
  class space    used 13768K, committed 14080K, reserved 1048576K
}
Event: 7.967 GC heap after
{Heap after GC invocations=35 (full 0):
 garbage-first heap   total 222208K, used 102577K [0x0000000080000000, 0x0000000100000000)
  region size 1024K, 3 young (3072K), 3 survivors (3072K)
 Metaspace       used 101178K, committed 101824K, reserved 1138688K
  class space    used 13768K, committed 14080K, reserved 1048576K
}
Event: 8.044 GC heap before
{Heap before GC invocations=35 (full 0):
 garbage-first heap   total 222208K, used 184497K [0x0000000080000000, 0x0000000100000000)
  region size 1024K, 84 young (86016K), 3 survivors (3072K)
 Metaspace       used 101323K, committed 101952K, reserved 1138688K
  class space    used 13772K, committed 14080K, reserved 1048576K
}
Event: 8.048 GC heap after
{Heap after GC invocations=36 (full 0):
 garbage-first heap   total 444416K, used 103291K [0x0000000080000000, 0x0000000100000000)
  region size 1024K, 4 young (4096K), 4 survivors (4096K)
 Metaspace       used 101323K, committed 101952K, reserved 1138688K
  class space    used 13772K, committed 14080K, reserved 1048576K
}
Event: 8.254 GC heap before
{Heap before GC invocations=36 (full 0):
 garbage-first heap   total 444416K, used 364411K [0x0000000080000000, 0x0000000100000000)
  region size 1024K, 260 young (266240K), 4 survivors (4096K)
 Metaspace       used 101544K, committed 102208K, reserved 1138688K
  class space    used 13775K, committed 14080K, reserved 1048576K
}
Event: 8.257 GC heap after
{Heap after GC invocations=37 (full 0):
 garbage-first heap   total 444416K, used 105064K [0x0000000080000000, 0x0000000100000000)
  region size 1024K, 6 young (6144K), 6 survivors (6144K)
 Metaspace       used 101544K, committed 102208K, reserved 1138688K
  class space    used 13775K, committed 14080K, reserved 1048576K
}
Event: 9.126 GC heap before
{Heap before GC invocations=37 (full 0):
 garbage-first heap   total 444416K, used 364136K [0x0000000080000000, 0x0000000100000000)
  region size 1024K, 260 young (266240K), 6 survivors (6144K)
 Metaspace       used 109903K, committed 110656K, reserved 1146880K
  class space    used 14921K, committed 15296K, reserved 1048576K
}
Event: 9.135 GC heap after
{Heap after GC invocations=38 (full 0):
 garbage-first heap   total 444416K, used 131026K [0x0000000080000000, 0x0000000100000000)
  region size 1024K, 31 young (31744K), 31 survivors (31744K)
 Metaspace       used 109903K, committed 110656K, reserved 1146880K
  class space    used 14921K, committed 15296K, reserved 1048576K
}
Event: 9.580 GC heap before
{Heap before GC invocations=38 (full 0):
 garbage-first heap   total 444416K, used 356306K [0x0000000080000000, 0x0000000100000000)
  region size 1024K, 252 young (258048K), 31 survivors (31744K)
 Metaspace       used 117109K, committed 117824K, reserved 1155072K
  class space    used 16039K, committed 16384K, reserved 1048576K
}
Event: 9.599 GC heap after
{Heap after GC invocations=39 (full 0):
 garbage-first heap   total 444416K, used 153552K [0x0000000080000000, 0x0000000100000000)
  region size 1024K, 32 young (32768K), 32 survivors (32768K)
 Metaspace       used 117109K, committed 117824K, reserved 1155072K
  class space    used 16039K, committed 16384K, reserved 1048576K
}
Event: 9.602 GC heap before
{Heap before GC invocations=39 (full 0):
 garbage-first heap   total 444416K, used 155600K [0x0000000080000000, 0x0000000100000000)
  region size 1024K, 35 young (35840K), 32 survivors (32768K)
 Metaspace       used 117175K, committed 117888K, reserved 1155072K
  class space    used 16049K, committed 16384K, reserved 1048576K
}
Event: 9.614 GC heap after
{Heap after GC invocations=40 (full 0):
 garbage-first heap   total 444416K, used 156860K [0x0000000080000000, 0x0000000100000000)
  region size 1024K, 4 young (4096K), 4 survivors (4096K)
 Metaspace       used 117175K, committed 117888K, reserved 1155072K
  class space    used 16049K, committed 16384K, reserved 1048576K
}
Event: 10.062 GC heap before
{Heap before GC invocations=41 (full 0):
 garbage-first heap   total 444416K, used 344252K [0x0000000080000000, 0x0000000100000000)
  region size 1024K, 188 young (192512K), 4 survivors (4096K)
 Metaspace       used 119969K, committed 120704K, reserved 1155072K
  class space    used 16502K, committed 16832K, reserved 1048576K
}
Event: 10.073 GC heap after
{Heap after GC invocations=42 (full 0):
 garbage-first heap   total 444416K, used 167996K [0x0000000080000000, 0x0000000100000000)
  region size 1024K, 15 young (15360K), 15 survivors (15360K)
 Metaspace       used 119969K, committed 120704K, reserved 1155072K
  class space    used 16502K, committed 16832K, reserved 1048576K
}
Event: 10.084 GC heap before
{Heap before GC invocations=42 (full 0):
 garbage-first heap   total 444416K, used 173116K [0x0000000080000000, 0x0000000100000000)
  region size 1024K, 21 young (21504K), 15 survivors (15360K)
 Metaspace       used 119969K, committed 120704K, reserved 1155072K
  class space    used 16502K, committed 16832K, reserved 1048576K
}
Event: 10.093 GC heap after
{Heap after GC invocations=43 (full 0):
 garbage-first heap   total 444416K, used 168951K [0x0000000080000000, 0x0000000100000000)
  region size 1024K, 2 young (2048K), 2 survivors (2048K)
 Metaspace       used 119969K, committed 120704K, reserved 1155072K
  class space    used 16502K, committed 16832K, reserved 1048576K
}
Event: 10.392 GC heap before
{Heap before GC invocations=43 (full 0):
 garbage-first heap   total 444416K, used 349175K [0x0000000080000000, 0x0000000100000000)
  region size 1024K, 179 young (183296K), 2 survivors (2048K)
 Metaspace       used 120311K, committed 121024K, reserved 1155072K
  class space    used 16516K, committed 16832K, reserved 1048576K
}

